Flow report for DDC_4CHANNELS_SIM
Mon May 21 00:11:22 2018
Quartus II 64-Bit Version 13.1.4 Build 182 03/12/2014 SJ Full Version


---------------------
; Table of Contents ;
---------------------
  1. Legal Notice
  2. Flow Summary
  3. Flow Settings
  4. Flow Non-Default Global Settings
  5. Flow Elapsed Time
  6. Flow OS Summary
  7. Flow Log
  8. Flow Messages
  9. Flow Suppressed Messages



----------------
; Legal Notice ;
----------------
Copyright (C) 1991-2014 Altera Corporation
Your use of Altera Corporation's design tools, logic functions 
and other software and tools, and its AMPP partner logic 
functions, and any output files from any of the foregoing 
(including device programming or simulation files), and any 
associated documentation or information are expressly subject 
to the terms and conditions of the Altera Program License 
Subscription Agreement, Altera MegaCore Function License 
Agreement, or other applicable license agreement, including, 
without limitation, that your use is for the sole purpose of 
programming logic devices manufactured by Altera and sold by 
Altera or its authorized distributors.  Please refer to the 
applicable agreement for further details.



+-------------------------------------------------------------------------------+
; Flow Summary                                                                  ;
+---------------------------------+---------------------------------------------+
; Flow Status                     ; Flow Failed - Mon May 21 00:11:21 2018      ;
; Quartus II 64-Bit Version       ; 13.1.4 Build 182 03/12/2014 SJ Full Version ;
; Revision Name                   ; DDC_4CHANNELS_SIM                           ;
; Top-level Entity Name           ; FIR_FUN                                     ;
; Family                          ; Cyclone V                                   ;
; Device                          ; 5CGXFC9D6F27C7                              ;
; Timing Models                   ; Final                                       ;
; Logic utilization (in ALMs)     ; 58,423 / 113,560 ( 51 % )                   ;
; Total registers                 ; 13159                                       ;
; Total pins                      ; 87 / 378 ( 23 % )                           ;
; Total virtual pins              ; 0                                           ;
; Total block memory bits         ; 0 / 12,492,800 ( 0 % )                      ;
; Total DSP Blocks                ; 32 / 342 ( 9 % )                            ;
; Total HSSI RX PCSs              ; 0 / 9 ( 0 % )                               ;
; Total HSSI PMA RX Deserializers ; 0 / 9 ( 0 % )                               ;
; Total HSSI TX PCSs              ; 0 / 9 ( 0 % )                               ;
; Total HSSI TX Channels          ; 0 / 9 ( 0 % )                               ;
; Total PLLs                      ; 0 / 17 ( 0 % )                              ;
; Total DLLs                      ; 0 / 4 ( 0 % )                               ;
+---------------------------------+---------------------------------------------+


+-----------------------------------------+
; Flow Settings                           ;
+-------------------+---------------------+
; Option            ; Setting             ;
+-------------------+---------------------+
; Start date & time ; 05/20/2018 22:29:55 ;
; Main task         ; Compilation         ;
; Revision Name     ; DDC_4CHANNELS_SIM   ;
+-------------------+---------------------+


+--------------------------------------------------------------------------------------------------------------------------------------------------------------------+
; Flow Non-Default Global Settings                                                                                                                                   ;
+-------------------------------------+---------------------------------------------------------------------------+-------------------+-------------+----------------+
; Assignment Name                     ; Value                                                                     ; Default Value     ; Entity Name ; Section Id     ;
+-------------------------------------+---------------------------------------------------------------------------+-------------------+-------------+----------------+
; COMPILER_SIGNATURE_ID               ; 52236116145.152682659405028                                               ; --                ; --          ; --             ;
; EDA_OUTPUT_DATA_FORMAT              ; Verilog Hdl                                                               ; --                ; --          ; eda_simulation ;
; EDA_SIMULATION_TOOL                 ; ModelSim-Altera (Verilog)                                                 ; <None>            ; --          ; --             ;
; IP_TOOL_NAME                        ; LPM_MULT                                                                  ; --                ; --          ; --             ;
; IP_TOOL_VERSION                     ; 13.1                                                                      ; --                ; --          ; --             ;
; MAX_CORE_JUNCTION_TEMP              ; 85                                                                        ; --                ; --          ; --             ;
; MIN_CORE_JUNCTION_TEMP              ; 0                                                                         ; --                ; --          ; --             ;
; MISC_FILE                           ; SRC/MODULE_FIR/SRC/MULT_24BIT25BIT49BIT_IP/MULT_24BIT25BIT49BIT_IP.bsf    ; --                ; --          ; --             ;
; MISC_FILE                           ; SRC/MODULE_FIR/SRC/MULT_24BIT25BIT49BIT_IP/MULT_24BIT25BIT49BIT_IP_inst.v ; --                ; --          ; --             ;
; MISC_FILE                           ; SRC/MODULE_FIR/SRC/MULT_24BIT25BIT49BIT_IP/MULT_24BIT25BIT49BIT_IP_bb.v   ; --                ; --          ; --             ;
; MISC_FILE                           ; SRC/MODULE_FIR/SRC/MULT_24BIT25BIT49BIT_IP/MULT_24BIT25BIT49BIT_IP_syn.v  ; --                ; --          ; --             ;
; NUM_PARALLEL_PROCESSORS             ; All                                                                       ; --                ; --          ; --             ;
; PARTITION_COLOR                     ; 16764057                                                                  ; --                ; FIR_FUN     ; Top            ;
; PARTITION_FITTER_PRESERVATION_LEVEL ; PLACEMENT_AND_ROUTING                                                     ; --                ; FIR_FUN     ; Top            ;
; PARTITION_NETLIST_TYPE              ; SOURCE                                                                    ; --                ; FIR_FUN     ; Top            ;
; POWER_BOARD_THERMAL_MODEL           ; None (CONSERVATIVE)                                                       ; --                ; --          ; --             ;
; POWER_PRESET_COOLING_SOLUTION       ; 23 MM HEAT SINK WITH 200 LFPM AIRFLOW                                     ; --                ; --          ; --             ;
; PROJECT_OUTPUT_DIRECTORY            ; output_files                                                              ; --                ; --          ; --             ;
; SMART_RECOMPILE                     ; On                                                                        ; Off               ; --          ; --             ;
; TOP_LEVEL_ENTITY                    ; FIR_FUN                                                                   ; DDC_4CHANNELS_SIM ; --          ; --             ;
+-------------------------------------+---------------------------------------------------------------------------+-------------------+-------------+----------------+


+--------------------------------------------------------------------------------------------------------------------------+
; Flow Elapsed Time                                                                                                        ;
+----------------------+--------------+-------------------------+---------------------+------------------------------------+
; Module Name          ; Elapsed Time ; Average Processors Used ; Peak Virtual Memory ; Total CPU Time (on all processors) ;
+----------------------+--------------+-------------------------+---------------------+------------------------------------+
; Analysis & Synthesis ; 00:09:32     ; 1.8                     ; 3651 MB             ; 00:14:13                           ;
; Fitter               ; 01:31:35     ; 3.7                     ; 4115 MB             ; 02:59:36                           ;
; Total                ; 01:41:07     ; --                      ; --                  ; 03:13:49                           ;
+----------------------+--------------+-------------------------+---------------------+------------------------------------+


+-----------------------------------------------------------------------------------+
; Flow OS Summary                                                                   ;
+----------------------+------------------+-----------+------------+----------------+
; Module Name          ; Machine Hostname ; OS Name   ; OS Version ; Processor type ;
+----------------------+------------------+-----------+------------+----------------+
; Analysis & Synthesis ; DESKTOP-46LSBCT  ; Windows 7 ; 6.2        ; x86_64         ;
; Fitter               ; DESKTOP-46LSBCT  ; Windows 7 ; 6.2        ; x86_64         ;
+----------------------+------------------+-----------+------------+----------------+


------------
; Flow Log ;
------------
quartus_map --read_settings_files=on --write_settings_files=off DDC_4CHANNELS_SIM -c DDC_4CHANNELS_SIM
quartus_fit --read_settings_files=off --write_settings_files=off DDC_4CHANNELS_SIM -c DDC_4CHANNELS_SIM



